{"D:\\Projects\\New project\\mini-plausible\\src\\services\\embed.ts": {"path":"D:\\Projects\\New project\\mini-plausible\\src\\services\\embed.ts","statementMap":{"0":{"start":{"line":16,"column":6},"end":{"line":16,"column":null}},"1":{"start":{"line":18,"column":24},"end":{"line":18,"column":null}},"2":{"start":{"line":20,"column":2},"end":{"line":20,"column":null}},"3":{"start":{"line":28,"column":6},"end":{"line":28,"column":null}},"4":{"start":{"line":30,"column":2},"end":{"line":30,"column":null}},"5":{"start":{"line":38,"column":6},"end":{"line":38,"column":null}},"6":{"start":{"line":40,"column":2},"end":{"line":40,"column":null}}},"fnMap":{"0":{"name":"generateEmbedScript","decl":{"start":{"line":9,"column":16},"end":{"line":9,"column":36}},"loc":{"start":{"line":9,"column":67},"end":{"line":21,"column":null}},"line":9},"1":{"name":"generateEmbedTag","decl":{"start":{"line":23,"column":16},"end":{"line":23,"column":33}},"loc":{"start":{"line":23,"column":64},"end":{"line":31,"column":null}},"line":23},"2":{"name":"generateScriptTag","decl":{"start":{"line":33,"column":16},"end":{"line":33,"column":34}},"loc":{"start":{"line":33,"column":65},"end":{"line":41,"column":null}},"line":33}},"branchMap":{"0":{"loc":{"start":{"line":12,"column":4},"end":{"line":12,"column":null}},"type":"default-arg","locations":[{"start":{"line":12,"column":15},"end":{"line":12,"column":null}}],"line":12},"1":{"loc":{"start":{"line":13,"column":4},"end":{"line":13,"column":null}},"type":"default-arg","locations":[{"start":{"line":13,"column":13},"end":{"line":13,"column":null}}],"line":13},"2":{"loc":{"start":{"line":14,"column":4},"end":{"line":14,"column":null}},"type":"default-arg","locations":[{"start":{"line":14,"column":19},"end":{"line":14,"column":null}}],"line":14},"3":{"loc":{"start":{"line":15,"column":4},"end":{"line":15,"column":null}},"type":"default-arg","locations":[{"start":{"line":15,"column":15},"end":{"line":15,"column":null}}],"line":15},"4":{"loc":{"start":{"line":26,"column":4},"end":{"line":26,"column":null}},"type":"default-arg","locations":[{"start":{"line":26,"column":13},"end":{"line":26,"column":null}}],"line":26},"5":{"loc":{"start":{"line":27,"column":4},"end":{"line":27,"column":null}},"type":"default-arg","locations":[{"start":{"line":27,"column":15},"end":{"line":27,"column":null}}],"line":27},"6":{"loc":{"start":{"line":36,"column":4},"end":{"line":36,"column":null}},"type":"default-arg","locations":[{"start":{"line":36,"column":13},"end":{"line":36,"column":null}}],"line":36},"7":{"loc":{"start":{"line":37,"column":4},"end":{"line":37,"column":null}},"type":"default-arg","locations":[{"start":{"line":37,"column":15},"end":{"line":37,"column":null}}],"line":37}},"s":{"0":7,"1":7,"2":7,"3":5,"4":5,"5":3,"6":3},"f":{"0":7,"1":5,"2":3},"b":{"0":[7],"1":[7],"2":[7],"3":[7],"4":[5],"5":[5],"6":[3],"7":[3]},"meta":{"lastBranch":8,"lastFunction":3,"lastStatement":7,"seen":{"f:9:16:9:36":0,"s:16:6:16:Infinity":0,"b:12:15:12:Infinity":0,"b:13:13:13:Infinity":1,"b:14:19:14:Infinity":2,"b:15:15:15:Infinity":3,"s:18:24:18:Infinity":1,"s:20:2:20:Infinity":2,"f:23:16:23:33":1,"s:28:6:28:Infinity":3,"b:26:13:26:Infinity":4,"b:27:15:27:Infinity":5,"s:30:2:30:Infinity":4,"f:33:16:33:34":2,"s:38:6:38:Infinity":5,"b:36:13:36:Infinity":6,"b:37:15:37:Infinity":7,"s:40:2:40:Infinity":6},"fnNames":{}}}
,"D:\\Projects\\New project\\mini-plausible\\src\\services\\pipeline.ts": {"path":"D:\\Projects\\New project\\mini-plausible\\src\\services\\pipeline.ts","statementMap":{"0":{"start":{"line":43,"column":48},"end":{"line":58,"column":null}},"1":{"start":{"line":60,"column":43},"end":{"line":75,"column":null}},"2":{"start":{"line":77,"column":49},"end":{"line":95,"column":null}},"3":{"start":{"line":98,"column":2},"end":{"line":98,"column":null}},"4":{"start":{"line":98,"column":12},"end":{"line":98,"column":null}},"5":{"start":{"line":99,"column":16},"end":{"line":99,"column":null}},"6":{"start":{"line":100,"column":2},"end":{"line":100,"column":null}},"7":{"start":{"line":104,"column":2},"end":{"line":104,"column":null}},"8":{"start":{"line":104,"column":12},"end":{"line":104,"column":null}},"9":{"start":{"line":105,"column":16},"end":{"line":105,"column":null}},"10":{"start":{"line":106,"column":2},"end":{"line":106,"column":null}},"11":{"start":{"line":110,"column":2},"end":{"line":110,"column":null}},"12":{"start":{"line":110,"column":12},"end":{"line":110,"column":null}},"13":{"start":{"line":111,"column":2},"end":{"line":117,"column":null}},"14":{"start":{"line":112,"column":16},"end":{"line":112,"column":null}},"15":{"start":{"line":113,"column":17},"end":{"line":113,"column":null}},"16":{"start":{"line":114,"column":4},"end":{"line":114,"column":null}},"17":{"start":{"line":116,"column":4},"end":{"line":116,"column":null}},"18":{"start":{"line":121,"column":2},"end":{"line":126,"column":null}},"19":{"start":{"line":122,"column":16},"end":{"line":122,"column":null}},"20":{"start":{"line":123,"column":4},"end":{"line":123,"column":null}},"21":{"start":{"line":125,"column":4},"end":{"line":125,"column":null}},"22":{"start":{"line":130,"column":2},"end":{"line":130,"column":null}},"23":{"start":{"line":130,"column":14},"end":{"line":130,"column":null}},"24":{"start":{"line":131,"column":2},"end":{"line":135,"column":null}},"25":{"start":{"line":132,"column":4},"end":{"line":132,"column":null}},"26":{"start":{"line":134,"column":4},"end":{"line":134,"column":null}},"27":{"start":{"line":145,"column":39},"end":{"line":150,"column":null}},"28":{"start":{"line":153,"column":31},"end":{"line":153,"column":null}},"29":{"start":{"line":154,"column":62},"end":{"line":154,"column":null}},"30":{"start":{"line":155,"column":21},"end":{"line":155,"column":null}},"31":{"start":{"line":156,"column":23},"end":{"line":156,"column":null}},"32":{"start":{"line":160,"column":12},"end":{"line":160,"column":null}},"33":{"start":{"line":163,"column":4},"end":{"line":163,"column":null}},"34":{"start":{"line":167,"column":4},"end":{"line":167,"column":null}},"35":{"start":{"line":167,"column":25},"end":{"line":167,"column":null}},"36":{"start":{"line":168,"column":4},"end":{"line":172,"column":null}},"37":{"start":{"line":169,"column":6},"end":{"line":171,"column":null}},"38":{"start":{"line":170,"column":8},"end":{"line":170,"column":null}},"39":{"start":{"line":176,"column":4},"end":{"line":179,"column":null}},"40":{"start":{"line":177,"column":6},"end":{"line":177,"column":null}},"41":{"start":{"line":178,"column":6},"end":{"line":178,"column":null}},"42":{"start":{"line":183,"column":4},"end":{"line":185,"column":null}},"43":{"start":{"line":184,"column":6},"end":{"line":184,"column":null}},"44":{"start":{"line":187,"column":21},"end":{"line":187,"column":null}},"45":{"start":{"line":188,"column":16},"end":{"line":188,"column":null}},"46":{"start":{"line":189,"column":21},"end":{"line":189,"column":null}},"47":{"start":{"line":191,"column":4},"end":{"line":193,"column":null}},"48":{"start":{"line":192,"column":6},"end":{"line":192,"column":null}},"49":{"start":{"line":195,"column":4},"end":{"line":195,"column":null}},"50":{"start":{"line":196,"column":4},"end":{"line":196,"column":null}},"51":{"start":{"line":200,"column":4},"end":{"line":200,"column":null}},"52":{"start":{"line":200,"column":53},"end":{"line":200,"column":null}},"53":{"start":{"line":202,"column":4},"end":{"line":202,"column":null}},"54":{"start":{"line":203,"column":4},"end":{"line":213,"column":null}},"55":{"start":{"line":204,"column":21},"end":{"line":204,"column":null}},"56":{"start":{"line":205,"column":25},"end":{"line":205,"column":null}},"57":{"start":{"line":205,"column":43},"end":{"line":205,"column":65}},"58":{"start":{"line":207,"column":6},"end":{"line":210,"column":null}},"59":{"start":{"line":207,"column":19},"end":{"line":207,"column":22}},"60":{"start":{"line":208,"column":22},"end":{"line":208,"column":null}},"61":{"start":{"line":209,"column":8},"end":{"line":209,"column":null}},"62":{"start":{"line":212,"column":6},"end":{"line":212,"column":null}},"63":{"start":{"line":217,"column":16},"end":{"line":217,"column":null}},"64":{"start":{"line":218,"column":4},"end":{"line":222,"column":null}},"65":{"start":{"line":219,"column":6},"end":{"line":221,"column":null}},"66":{"start":{"line":220,"column":8},"end":{"line":220,"column":null}},"67":{"start":{"line":226,"column":4},"end":{"line":244,"column":null}},"68":{"start":{"line":248,"column":48},"end":{"line":266,"column":null}},"69":{"start":{"line":248,"column":67},"end":{"line":266,"column":6}},"70":{"start":{"line":268,"column":4},"end":{"line":268,"column":null}},"71":{"start":{"line":272,"column":4},"end":{"line":272,"column":null}},"72":{"start":{"line":276,"column":4},"end":{"line":276,"column":null}}},"fnMap":{"0":{"name":"normalizeBrowser","decl":{"start":{"line":97,"column":9},"end":{"line":97,"column":26}},"loc":{"start":{"line":97,"column":62},"end":{"line":101,"column":null}},"line":97},"1":{"name":"normalizeOS","decl":{"start":{"line":103,"column":9},"end":{"line":103,"column":21}},"loc":{"start":{"line":103,"column":57},"end":{"line":107,"column":null}},"line":103},"2":{"name":"normalizeReferrer","decl":{"start":{"line":109,"column":9},"end":{"line":109,"column":27}},"loc":{"start":{"line":109,"column":63},"end":{"line":118,"column":null}},"line":109},"3":{"name":"normalizeUrl","decl":{"start":{"line":120,"column":9},"end":{"line":120,"column":22}},"loc":{"start":{"line":120,"column":43},"end":{"line":127,"column":null}},"line":120},"4":{"name":"serializeProps","decl":{"start":{"line":129,"column":9},"end":{"line":129,"column":24}},"loc":{"start":{"line":129,"column":65},"end":{"line":136,"column":null}},"line":129},"5":{"name":"constructor","decl":{"start":{"line":159,"column":2},"end":{"line":159,"column":null}},"loc":{"start":{"line":162,"column":4},"end":{"line":164,"column":null}},"line":162},"6":{"name":"start","decl":{"start":{"line":166,"column":2},"end":{"line":166,"column":16}},"loc":{"start":{"line":166,"column":16},"end":{"line":173,"column":null}},"line":166},"7":{"name":"(anonymous_7)","decl":{"start":{"line":168,"column":22},"end":{"line":168,"column":40}},"loc":{"start":{"line":168,"column":40},"end":{"line":172,"column":7}},"line":168},"8":{"name":"(anonymous_8)","decl":{"start":{"line":169,"column":19},"end":{"line":169,"column":26}},"loc":{"start":{"line":169,"column":34},"end":{"line":171,"column":7}},"line":169},"9":{"name":"stop","decl":{"start":{"line":175,"column":2},"end":{"line":175,"column":15}},"loc":{"start":{"line":175,"column":15},"end":{"line":180,"column":null}},"line":175},"10":{"name":"enqueue","decl":{"start":{"line":182,"column":8},"end":{"line":182,"column":16}},"loc":{"start":{"line":182,"column":48},"end":{"line":197,"column":null}},"line":182},"11":{"name":"flush","decl":{"start":{"line":199,"column":8},"end":{"line":199,"column":31}},"loc":{"start":{"line":199,"column":31},"end":{"line":214,"column":null}},"line":199},"12":{"name":"(anonymous_12)","decl":{"start":{"line":205,"column":32},"end":{"line":205,"column":37}},"loc":{"start":{"line":205,"column":43},"end":{"line":205,"column":65}},"line":205},"13":{"name":"cleanupDedupMap","decl":{"start":{"line":216,"column":2},"end":{"line":216,"column":26}},"loc":{"start":{"line":216,"column":26},"end":{"line":223,"column":null}},"line":216},"14":{"name":"normalizeEvent","decl":{"start":{"line":225,"column":2},"end":{"line":225,"column":10}},"loc":{"start":{"line":225,"column":59},"end":{"line":245,"column":null}},"line":225},"15":{"name":"batchInsert","decl":{"start":{"line":247,"column":16},"end":{"line":247,"column":28}},"loc":{"start":{"line":247,"column":70},"end":{"line":269,"column":null}},"line":247},"16":{"name":"(anonymous_16)","decl":{"start":{"line":248,"column":55},"end":{"line":248,"column":60}},"loc":{"start":{"line":248,"column":67},"end":{"line":266,"column":6}},"line":248},"17":{"name":"getBufferSize","decl":{"start":{"line":271,"column":2},"end":{"line":271,"column":26}},"loc":{"start":{"line":271,"column":26},"end":{"line":273,"column":null}},"line":271},"18":{"name":"getPendingCount","decl":{"start":{"line":275,"column":2},"end":{"line":275,"column":28}},"loc":{"start":{"line":275,"column":28},"end":{"line":277,"column":null}},"line":275}},"branchMap":{"0":{"loc":{"start":{"line":98,"column":2},"end":{"line":98,"column":null}},"type":"if","locations":[{"start":{"line":98,"column":2},"end":{"line":98,"column":null}},{"start":{},"end":{}}],"line":98},"1":{"loc":{"start":{"line":100,"column":9},"end":{"line":100,"column":null}},"type":"binary-expr","locations":[{"start":{"line":100,"column":9},"end":{"line":100,"column":35}},{"start":{"line":100,"column":35},"end":{"line":100,"column":null}}],"line":100},"2":{"loc":{"start":{"line":104,"column":2},"end":{"line":104,"column":null}},"type":"if","locations":[{"start":{"line":104,"column":2},"end":{"line":104,"column":null}},{"start":{},"end":{}}],"line":104},"3":{"loc":{"start":{"line":106,"column":9},"end":{"line":106,"column":null}},"type":"binary-expr","locations":[{"start":{"line":106,"column":9},"end":{"line":106,"column":30}},{"start":{"line":106,"column":30},"end":{"line":106,"column":null}}],"line":106},"4":{"loc":{"start":{"line":110,"column":2},"end":{"line":110,"column":null}},"type":"if","locations":[{"start":{"line":110,"column":2},"end":{"line":110,"column":null}},{"start":{},"end":{}}],"line":110},"5":{"loc":{"start":{"line":114,"column":11},"end":{"line":114,"column":null}},"type":"binary-expr","locations":[{"start":{"line":114,"column":11},"end":{"line":114,"column":37}},{"start":{"line":114,"column":37},"end":{"line":114,"column":null}}],"line":114},"6":{"loc":{"start":{"line":116,"column":11},"end":{"line":116,"column":null}},"type":"binary-expr","locations":[{"start":{"line":116,"column":11},"end":{"line":116,"column":39}},{"start":{"line":116,"column":39},"end":{"line":116,"column":null}}],"line":116},"7":{"loc":{"start":{"line":130,"column":2},"end":{"line":130,"column":null}},"type":"if","locations":[{"start":{"line":130,"column":2},"end":{"line":130,"column":null}},{"start":{},"end":{}}],"line":130},"8":{"loc":{"start":{"line":167,"column":4},"end":{"line":167,"column":null}},"type":"if","locations":[{"start":{"line":167,"column":4},"end":{"line":167,"column":null}},{"start":{},"end":{}}],"line":167},"9":{"loc":{"start":{"line":176,"column":4},"end":{"line":179,"column":null}},"type":"if","locations":[{"start":{"line":176,"column":4},"end":{"line":179,"column":null}},{"start":{},"end":{}}],"line":176},"10":{"loc":{"start":{"line":183,"column":4},"end":{"line":185,"column":null}},"type":"if","locations":[{"start":{"line":183,"column":4},"end":{"line":185,"column":null}},{"start":{},"end":{}}],"line":183},"11":{"loc":{"start":{"line":187,"column":24},"end":{"line":187,"column":49}},"type":"binary-expr","locations":[{"start":{"line":187,"column":24},"end":{"line":187,"column":42}},{"start":{"line":187,"column":42},"end":{"line":187,"column":49}}],"line":187},"12":{"loc":{"start":{"line":187,"column":65},"end":{"line":187,"column":null}},"type":"binary-expr","locations":[{"start":{"line":187,"column":65},"end":{"line":187,"column":84}},{"start":{"line":187,"column":84},"end":{"line":187,"column":null}}],"line":187},"13":{"loc":{"start":{"line":191,"column":4},"end":{"line":193,"column":null}},"type":"if","locations":[{"start":{"line":191,"column":4},"end":{"line":193,"column":null}},{"start":{},"end":{}}],"line":191},"14":{"loc":{"start":{"line":191,"column":8},"end":{"line":191,"column":64}},"type":"binary-expr","locations":[{"start":{"line":191,"column":8},"end":{"line":191,"column":20}},{"start":{"line":191,"column":20},"end":{"line":191,"column":64}}],"line":191},"15":{"loc":{"start":{"line":200,"column":4},"end":{"line":200,"column":null}},"type":"if","locations":[{"start":{"line":200,"column":4},"end":{"line":200,"column":null}},{"start":{},"end":{}}],"line":200},"16":{"loc":{"start":{"line":200,"column":8},"end":{"line":200,"column":53}},"type":"binary-expr","locations":[{"start":{"line":200,"column":8},"end":{"line":200,"column":27}},{"start":{"line":200,"column":27},"end":{"line":200,"column":53}}],"line":200},"17":{"loc":{"start":{"line":219,"column":6},"end":{"line":221,"column":null}},"type":"if","locations":[{"start":{"line":219,"column":6},"end":{"line":221,"column":null}},{"start":{},"end":{}}],"line":219},"18":{"loc":{"start":{"line":233,"column":15},"end":{"line":233,"column":null}},"type":"binary-expr","locations":[{"start":{"line":233,"column":15},"end":{"line":233,"column":32}},{"start":{"line":233,"column":32},"end":{"line":233,"column":null}}],"line":233},"19":{"loc":{"start":{"line":234,"column":12},"end":{"line":234,"column":null}},"type":"binary-expr","locations":[{"start":{"line":234,"column":12},"end":{"line":234,"column":26}},{"start":{"line":234,"column":26},"end":{"line":234,"column":null}}],"line":234},"20":{"loc":{"start":{"line":235,"column":19},"end":{"line":235,"column":null}},"type":"binary-expr","locations":[{"start":{"line":235,"column":19},"end":{"line":235,"column":40}},{"start":{"line":235,"column":40},"end":{"line":235,"column":null}}],"line":235},"21":{"loc":{"start":{"line":236,"column":20},"end":{"line":236,"column":null}},"type":"binary-expr","locations":[{"start":{"line":236,"column":20},"end":{"line":236,"column":42}},{"start":{"line":236,"column":42},"end":{"line":236,"column":null}}],"line":236},"22":{"loc":{"start":{"line":237,"column":17},"end":{"line":237,"column":null}},"type":"binary-expr","locations":[{"start":{"line":237,"column":17},"end":{"line":237,"column":36}},{"start":{"line":237,"column":36},"end":{"line":237,"column":null}}],"line":237},"23":{"loc":{"start":{"line":238,"column":17},"end":{"line":238,"column":null}},"type":"binary-expr","locations":[{"start":{"line":238,"column":17},"end":{"line":238,"column":36}},{"start":{"line":238,"column":36},"end":{"line":238,"column":null}}],"line":238},"24":{"loc":{"start":{"line":239,"column":19},"end":{"line":239,"column":null}},"type":"binary-expr","locations":[{"start":{"line":239,"column":19},"end":{"line":239,"column":40}},{"start":{"line":239,"column":40},"end":{"line":239,"column":null}}],"line":239},"25":{"loc":{"start":{"line":240,"column":16},"end":{"line":240,"column":null}},"type":"binary-expr","locations":[{"start":{"line":240,"column":16},"end":{"line":240,"column":34}},{"start":{"line":240,"column":34},"end":{"line":240,"column":null}}],"line":240},"26":{"loc":{"start":{"line":241,"column":17},"end":{"line":241,"column":null}},"type":"binary-expr","locations":[{"start":{"line":241,"column":17},"end":{"line":241,"column":36}},{"start":{"line":241,"column":36},"end":{"line":241,"column":null}}],"line":241},"27":{"loc":{"start":{"line":243,"column":17},"end":{"line":243,"column":null}},"type":"binary-expr","locations":[{"start":{"line":243,"column":17},"end":{"line":243,"column":36}},{"start":{"line":243,"column":36},"end":{"line":243,"column":null}}],"line":243}},"s":{"0":1,"1":1,"2":1,"3":11,"4":10,"5":1,"6":1,"7":11,"8":10,"9":1,"10":1,"11":11,"12":10,"13":1,"14":1,"15":1,"16":1,"17":0,"18":11,"19":11,"20":11,"21":8,"22":11,"23":11,"24":0,"25":0,"26":0,"27":1,"28":15,"29":15,"30":15,"31":15,"32":15,"33":15,"34":3,"35":1,"36":2,"37":0,"38":0,"39":2,"40":2,"41":2,"42":20,"43":1,"44":20,"45":20,"46":20,"47":20,"48":1,"49":19,"50":19,"51":7,"52":1,"53":6,"54":6,"55":6,"56":6,"57":11,"58":6,"59":6,"60":7,"61":7,"62":6,"63":1,"64":1,"65":1,"66":1,"67":11,"68":7,"69":11,"70":7,"71":7,"72":0},"f":{"0":11,"1":11,"2":11,"3":11,"4":11,"5":15,"6":3,"7":0,"8":0,"9":2,"10":20,"11":7,"12":11,"13":1,"14":11,"15":7,"16":11,"17":7,"18":0},"b":{"0":[10,1],"1":[1,0],"2":[10,1],"3":[1,0],"4":[10,1],"5":[1,0],"6":[0,0],"7":[11,0],"8":[1,2],"9":[2,0],"10":[1,19],"11":[20,13],"12":[20,20],"13":[1,19],"14":[20,1],"15":[1,6],"16":[7,7],"17":[1,0],"18":[11,11],"19":[11,11],"20":[11,11],"21":[11,11],"22":[11,11],"23":[11,11],"24":[11,11],"25":[11,11],"26":[11,11],"27":[11,11]},"meta":{"lastBranch":28,"lastFunction":19,"lastStatement":73,"seen":{"s:43:48:58:Infinity":0,"s:60:43:75:Infinity":1,"s:77:49:95:Infinity":2,"f:97:9:97:26":0,"b:98:2:98:Infinity:undefined:undefined:undefined:undefined":0,"s:98:2:98:Infinity":3,"s:98:12:98:Infinity":4,"s:99:16:99:Infinity":5,"s:100:2:100:Infinity":6,"b:100:9:100:35:100:35:100:Infinity":1,"f:103:9:103:21":1,"b:104:2:104:Infinity:undefined:undefined:undefined:undefined":2,"s:104:2:104:Infinity":7,"s:104:12:104:Infinity":8,"s:105:16:105:Infinity":9,"s:106:2:106:Infinity":10,"b:106:9:106:30:106:30:106:Infinity":3,"f:109:9:109:27":2,"b:110:2:110:Infinity:undefined:undefined:undefined:undefined":4,"s:110:2:110:Infinity":11,"s:110:12:110:Infinity":12,"s:111:2:117:Infinity":13,"s:112:16:112:Infinity":14,"s:113:17:113:Infinity":15,"s:114:4:114:Infinity":16,"b:114:11:114:37:114:37:114:Infinity":5,"s:116:4:116:Infinity":17,"b:116:11:116:39:116:39:116:Infinity":6,"f:120:9:120:22":3,"s:121:2:126:Infinity":18,"s:122:16:122:Infinity":19,"s:123:4:123:Infinity":20,"s:125:4:125:Infinity":21,"f:129:9:129:24":4,"b:130:2:130:Infinity:undefined:undefined:undefined:undefined":7,"s:130:2:130:Infinity":22,"s:130:14:130:Infinity":23,"s:131:2:135:Infinity":24,"s:132:4:132:Infinity":25,"s:134:4:134:Infinity":26,"s:145:39:150:Infinity":27,"s:153:31:153:Infinity":28,"s:154:62:154:Infinity":29,"s:155:21:155:Infinity":30,"s:156:23:156:Infinity":31,"f:159:2:159:Infinity":5,"s:160:12:160:Infinity":32,"s:163:4:163:Infinity":33,"f:166:2:166:16":6,"b:167:4:167:Infinity:undefined:undefined:undefined:undefined":8,"s:167:4:167:Infinity":34,"s:167:25:167:Infinity":35,"s:168:4:172:Infinity":36,"f:168:22:168:40":7,"s:169:6:171:Infinity":37,"f:169:19:169:26":8,"s:170:8:170:Infinity":38,"f:175:2:175:15":9,"b:176:4:179:Infinity:undefined:undefined:undefined:undefined":9,"s:176:4:179:Infinity":39,"s:177:6:177:Infinity":40,"s:178:6:178:Infinity":41,"f:182:8:182:16":10,"b:183:4:185:Infinity:undefined:undefined:undefined:undefined":10,"s:183:4:185:Infinity":42,"s:184:6:184:Infinity":43,"s:187:21:187:Infinity":44,"b:187:24:187:42:187:42:187:49":11,"b:187:65:187:84:187:84:187:Infinity":12,"s:188:16:188:Infinity":45,"s:189:21:189:Infinity":46,"b:191:4:193:Infinity:undefined:undefined:undefined:undefined":13,"s:191:4:193:Infinity":47,"b:191:8:191:20:191:20:191:64":14,"s:192:6:192:Infinity":48,"s:195:4:195:Infinity":49,"s:196:4:196:Infinity":50,"f:199:8:199:31":11,"b:200:4:200:Infinity:undefined:undefined:undefined:undefined":15,"s:200:4:200:Infinity":51,"b:200:8:200:27:200:27:200:53":16,"s:200:53:200:Infinity":52,"s:202:4:202:Infinity":53,"s:203:4:213:Infinity":54,"s:204:21:204:Infinity":55,"s:205:25:205:Infinity":56,"f:205:32:205:37":12,"s:205:43:205:65":57,"s:207:6:210:Infinity":58,"s:207:19:207:22":59,"s:208:22:208:Infinity":60,"s:209:8:209:Infinity":61,"s:212:6:212:Infinity":62,"f:216:2:216:26":13,"s:217:16:217:Infinity":63,"s:218:4:222:Infinity":64,"b:219:6:221:Infinity:undefined:undefined:undefined:undefined":17,"s:219:6:221:Infinity":65,"s:220:8:220:Infinity":66,"f:225:2:225:10":14,"s:226:4:244:Infinity":67,"b:233:15:233:32:233:32:233:Infinity":18,"b:234:12:234:26:234:26:234:Infinity":19,"b:235:19:235:40:235:40:235:Infinity":20,"b:236:20:236:42:236:42:236:Infinity":21,"b:237:17:237:36:237:36:237:Infinity":22,"b:238:17:238:36:238:36:238:Infinity":23,"b:239:19:239:40:239:40:239:Infinity":24,"b:240:16:240:34:240:34:240:Infinity":25,"b:241:17:241:36:241:36:241:Infinity":26,"b:243:17:243:36:243:36:243:Infinity":27,"f:247:16:247:28":15,"s:248:48:266:Infinity":68,"f:248:55:248:60":16,"s:248:67:266:6":69,"s:268:4:268:Infinity":70,"f:271:2:271:26":17,"s:272:4:272:Infinity":71,"f:275:2:275:28":18,"s:276:4:276:Infinity":72},"fnNames":{}}}
,"D:\\Projects\\New project\\mini-plausible\\src\\services\\query-builder.ts": {"path":"D:\\Projects\\New project\\mini-plausible\\src\\services\\query-builder.ts","statementMap":{"0":{"start":{"line":4,"column":27},"end":{"line":4,"column":null}},"1":{"start":{"line":7,"column":12},"end":{"line":7,"column":null}},"2":{"start":{"line":8,"column":2},"end":{"line":10,"column":null}},"3":{"start":{"line":9,"column":4},"end":{"line":9,"column":null}},"4":{"start":{"line":11,"column":2},"end":{"line":11,"column":null}},"5":{"start":{"line":15,"column":14},"end":{"line":15,"column":null}},"6":{"start":{"line":17,"column":2},"end":{"line":52,"column":null}},"7":{"start":{"line":19,"column":6},"end":{"line":22,"column":null}},"8":{"start":{"line":24,"column":6},"end":{"line":27,"column":null}},"9":{"start":{"line":29,"column":6},"end":{"line":32,"column":null}},"10":{"start":{"line":34,"column":6},"end":{"line":37,"column":null}},"11":{"start":{"line":39,"column":6},"end":{"line":41,"column":null}},"12":{"start":{"line":40,"column":8},"end":{"line":40,"column":null}},"13":{"start":{"line":42,"column":6},"end":{"line":45,"column":null}},"14":{"start":{"line":48,"column":6},"end":{"line":51,"column":null}},"15":{"start":{"line":60,"column":40},"end":{"line":66,"column":null}},"16":{"start":{"line":68,"column":2},"end":{"line":99,"column":null}},"17":{"start":{"line":69,"column":4},"end":{"line":71,"column":null}},"18":{"start":{"line":70,"column":6},"end":{"line":70,"column":null}},"19":{"start":{"line":72,"column":4},"end":{"line":74,"column":null}},"20":{"start":{"line":73,"column":6},"end":{"line":73,"column":null}},"21":{"start":{"line":75,"column":4},"end":{"line":77,"column":null}},"22":{"start":{"line":76,"column":6},"end":{"line":76,"column":null}},"23":{"start":{"line":78,"column":4},"end":{"line":80,"column":null}},"24":{"start":{"line":79,"column":6},"end":{"line":79,"column":null}},"25":{"start":{"line":81,"column":4},"end":{"line":83,"column":null}},"26":{"start":{"line":82,"column":6},"end":{"line":82,"column":null}},"27":{"start":{"line":84,"column":4},"end":{"line":86,"column":null}},"28":{"start":{"line":85,"column":6},"end":{"line":85,"column":null}},"29":{"start":{"line":87,"column":4},"end":{"line":89,"column":null}},"30":{"start":{"line":88,"column":6},"end":{"line":88,"column":null}},"31":{"start":{"line":90,"column":4},"end":{"line":92,"column":null}},"32":{"start":{"line":91,"column":6},"end":{"line":91,"column":null}},"33":{"start":{"line":93,"column":4},"end":{"line":95,"column":null}},"34":{"start":{"line":94,"column":6},"end":{"line":94,"column":null}},"35":{"start":{"line":96,"column":4},"end":{"line":98,"column":null}},"36":{"start":{"line":97,"column":6},"end":{"line":97,"column":null}},"37":{"start":{"line":101,"column":2},"end":{"line":101,"column":null}},"38":{"start":{"line":108,"column":18},"end":{"line":108,"column":null}},"39":{"start":{"line":109,"column":2},"end":{"line":109,"column":null}},"40":{"start":{"line":111,"column":16},"end":{"line":111,"column":null}},"41":{"start":{"line":112,"column":2},"end":{"line":112,"column":null}},"42":{"start":{"line":114,"column":2},"end":{"line":120,"column":null}},"43":{"start":{"line":124,"column":17},"end":{"line":124,"column":null}},"44":{"start":{"line":125,"column":19},"end":{"line":125,"column":null}},"45":{"start":{"line":126,"column":2},"end":{"line":126,"column":null}},"46":{"start":{"line":130,"column":17},"end":{"line":130,"column":null}},"47":{"start":{"line":131,"column":19},"end":{"line":131,"column":null}},"48":{"start":{"line":132,"column":2},"end":{"line":134,"column":null}},"49":{"start":{"line":133,"column":4},"end":{"line":133,"column":null}},"50":{"start":{"line":135,"column":2},"end":{"line":135,"column":null}},"51":{"start":{"line":139,"column":2},"end":{"line":139,"column":null}},"52":{"start":{"line":139,"column":19},"end":{"line":139,"column":null}},"53":{"start":{"line":140,"column":2},"end":{"line":147,"column":null}},"54":{"start":{"line":141,"column":19},"end":{"line":141,"column":null}},"55":{"start":{"line":142,"column":4},"end":{"line":144,"column":null}},"56":{"start":{"line":143,"column":6},"end":{"line":143,"column":null}},"57":{"start":{"line":148,"column":2},"end":{"line":148,"column":null}}},"fnMap":{"0":{"name":"parseDate","decl":{"start":{"line":6,"column":9},"end":{"line":6,"column":19}},"loc":{"start":{"line":6,"column":42},"end":{"line":12,"column":null}},"line":6},"1":{"name":"resolveDateRange","decl":{"start":{"line":14,"column":16},"end":{"line":14,"column":33}},"loc":{"start":{"line":14,"column":96},"end":{"line":53,"column":null}},"line":14},"2":{"name":"buildEventWhereClause","decl":{"start":{"line":55,"column":16},"end":{"line":55,"column":null}},"loc":{"start":{"line":59,"column":26},"end":{"line":102,"column":null}},"line":59},"3":{"name":"buildDailyAggregateWhereClause","decl":{"start":{"line":104,"column":16},"end":{"line":104,"column":null}},"loc":{"start":{"line":107,"column":35},"end":{"line":121,"column":null}},"line":107},"4":{"name":"shouldUseAggregate","decl":{"start":{"line":123,"column":16},"end":{"line":123,"column":35}},"loc":{"start":{"line":123,"column":66},"end":{"line":127,"column":null}},"line":123},"5":{"name":"getGroupByInterval","decl":{"start":{"line":129,"column":16},"end":{"line":129,"column":35}},"loc":{"start":{"line":129,"column":73},"end":{"line":136,"column":null}},"line":129},"6":{"name":"parseFilters","decl":{"start":{"line":138,"column":16},"end":{"line":138,"column":29}},"loc":{"start":{"line":138,"column":86},"end":{"line":149,"column":null}},"line":138}},"branchMap":{"0":{"loc":{"start":{"line":8,"column":2},"end":{"line":10,"column":null}},"type":"if","locations":[{"start":{"line":8,"column":2},"end":{"line":10,"column":null}},{"start":{},"end":{}}],"line":8},"1":{"loc":{"start":{"line":17,"column":2},"end":{"line":52,"column":null}},"type":"switch","locations":[{"start":{"line":18,"column":4},"end":{"line":22,"column":null}},{"start":{"line":23,"column":4},"end":{"line":27,"column":null}},{"start":{"line":28,"column":4},"end":{"line":32,"column":null}},{"start":{"line":33,"column":4},"end":{"line":37,"column":null}},{"start":{"line":38,"column":4},"end":{"line":46,"column":null}},{"start":{"line":47,"column":4},"end":{"line":51,"column":null}}],"line":17},"2":{"loc":{"start":{"line":39,"column":6},"end":{"line":41,"column":null}},"type":"if","locations":[{"start":{"line":39,"column":6},"end":{"line":41,"column":null}},{"start":{},"end":{}}],"line":39},"3":{"loc":{"start":{"line":39,"column":10},"end":{"line":39,"column":32}},"type":"binary-expr","locations":[{"start":{"line":39,"column":10},"end":{"line":39,"column":23}},{"start":{"line":39,"column":23},"end":{"line":39,"column":32}}],"line":39},"4":{"loc":{"start":{"line":68,"column":2},"end":{"line":99,"column":null}},"type":"if","locations":[{"start":{"line":68,"column":2},"end":{"line":99,"column":null}},{"start":{},"end":{}}],"line":68},"5":{"loc":{"start":{"line":69,"column":4},"end":{"line":71,"column":null}},"type":"if","locations":[{"start":{"line":69,"column":4},"end":{"line":71,"column":null}},{"start":{},"end":{}}],"line":69},"6":{"loc":{"start":{"line":72,"column":4},"end":{"line":74,"column":null}},"type":"if","locations":[{"start":{"line":72,"column":4},"end":{"line":74,"column":null}},{"start":{},"end":{}}],"line":72},"7":{"loc":{"start":{"line":75,"column":4},"end":{"line":77,"column":null}},"type":"if","locations":[{"start":{"line":75,"column":4},"end":{"line":77,"column":null}},{"start":{},"end":{}}],"line":75},"8":{"loc":{"start":{"line":78,"column":4},"end":{"line":80,"column":null}},"type":"if","locations":[{"start":{"line":78,"column":4},"end":{"line":80,"column":null}},{"start":{},"end":{}}],"line":78},"9":{"loc":{"start":{"line":81,"column":4},"end":{"line":83,"column":null}},"type":"if","locations":[{"start":{"line":81,"column":4},"end":{"line":83,"column":null}},{"start":{},"end":{}}],"line":81},"10":{"loc":{"start":{"line":84,"column":4},"end":{"line":86,"column":null}},"type":"if","locations":[{"start":{"line":84,"column":4},"end":{"line":86,"column":null}},{"start":{},"end":{}}],"line":84},"11":{"loc":{"start":{"line":87,"column":4},"end":{"line":89,"column":null}},"type":"if","locations":[{"start":{"line":87,"column":4},"end":{"line":89,"column":null}},{"start":{},"end":{}}],"line":87},"12":{"loc":{"start":{"line":90,"column":4},"end":{"line":92,"column":null}},"type":"if","locations":[{"start":{"line":90,"column":4},"end":{"line":92,"column":null}},{"start":{},"end":{}}],"line":90},"13":{"loc":{"start":{"line":93,"column":4},"end":{"line":95,"column":null}},"type":"if","locations":[{"start":{"line":93,"column":4},"end":{"line":95,"column":null}},{"start":{},"end":{}}],"line":93},"14":{"loc":{"start":{"line":96,"column":4},"end":{"line":98,"column":null}},"type":"if","locations":[{"start":{"line":96,"column":4},"end":{"line":98,"column":null}},{"start":{},"end":{}}],"line":96},"15":{"loc":{"start":{"line":132,"column":2},"end":{"line":134,"column":null}},"type":"if","locations":[{"start":{"line":132,"column":2},"end":{"line":134,"column":null}},{"start":{},"end":{}}],"line":132},"16":{"loc":{"start":{"line":139,"column":2},"end":{"line":139,"column":null}},"type":"if","locations":[{"start":{"line":139,"column":2},"end":{"line":139,"column":null}},{"start":{},"end":{}}],"line":139},"17":{"loc":{"start":{"line":142,"column":4},"end":{"line":144,"column":null}},"type":"if","locations":[{"start":{"line":142,"column":4},"end":{"line":144,"column":null}},{"start":{},"end":{}}],"line":142},"18":{"loc":{"start":{"line":142,"column":8},"end":{"line":142,"column":55}},"type":"binary-expr","locations":[{"start":{"line":142,"column":8},"end":{"line":142,"column":38}},{"start":{"line":142,"column":38},"end":{"line":142,"column":55}}],"line":142}},"s":{"0":1,"1":2,"2":2,"3":0,"4":2,"5":6,"6":6,"7":1,"8":1,"9":1,"10":1,"11":2,"12":1,"13":1,"14":0,"15":9,"16":9,"17":8,"18":1,"19":8,"20":1,"21":8,"22":1,"23":8,"24":1,"25":8,"26":1,"27":8,"28":0,"29":8,"30":0,"31":8,"32":1,"33":8,"34":1,"35":8,"36":1,"37":9,"38":0,"39":0,"40":0,"41":0,"42":0,"43":2,"44":2,"45":2,"46":2,"47":2,"48":2,"49":1,"50":1,"51":5,"52":2,"53":3,"54":3,"55":3,"56":1,"57":2},"f":{"0":2,"1":6,"2":9,"3":0,"4":2,"5":2,"6":5},"b":{"0":[0,2],"1":[1,1,1,1,2,0],"2":[1,1],"3":[2,1],"4":[8,1],"5":[1,7],"6":[1,7],"7":[1,7],"8":[1,7],"9":[1,7],"10":[0,8],"11":[0,8],"12":[1,7],"13":[1,7],"14":[1,7],"15":[1,1],"16":[2,3],"17":[1,2],"18":[3,1]},"meta":{"lastBranch":19,"lastFunction":7,"lastStatement":58,"seen":{"s:4:27:4:Infinity":0,"f:6:9:6:19":0,"s:7:12:7:Infinity":1,"b:8:2:10:Infinity:undefined:undefined:undefined:undefined":0,"s:8:2:10:Infinity":2,"s:9:4:9:Infinity":3,"s:11:2:11:Infinity":4,"f:14:16:14:33":1,"s:15:14:15:Infinity":5,"b:18:4:22:Infinity:23:4:27:Infinity:28:4:32:Infinity:33:4:37:Infinity:38:4:46:Infinity:47:4:51:Infinity":1,"s:17:2:52:Infinity":6,"s:19:6:22:Infinity":7,"s:24:6:27:Infinity":8,"s:29:6:32:Infinity":9,"s:34:6:37:Infinity":10,"b:39:6:41:Infinity:undefined:undefined:undefined:undefined":2,"s:39:6:41:Infinity":11,"b:39:10:39:23:39:23:39:32":3,"s:40:8:40:Infinity":12,"s:42:6:45:Infinity":13,"s:48:6:51:Infinity":14,"f:55:16:55:Infinity":2,"s:60:40:66:Infinity":15,"b:68:2:99:Infinity:undefined:undefined:undefined:undefined":4,"s:68:2:99:Infinity":16,"b:69:4:71:Infinity:undefined:undefined:undefined:undefined":5,"s:69:4:71:Infinity":17,"s:70:6:70:Infinity":18,"b:72:4:74:Infinity:undefined:undefined:undefined:undefined":6,"s:72:4:74:Infinity":19,"s:73:6:73:Infinity":20,"b:75:4:77:Infinity:undefined:undefined:undefined:undefined":7,"s:75:4:77:Infinity":21,"s:76:6:76:Infinity":22,"b:78:4:80:Infinity:undefined:undefined:undefined:undefined":8,"s:78:4:80:Infinity":23,"s:79:6:79:Infinity":24,"b:81:4:83:Infinity:undefined:undefined:undefined:undefined":9,"s:81:4:83:Infinity":25,"s:82:6:82:Infinity":26,"b:84:4:86:Infinity:undefined:undefined:undefined:undefined":10,"s:84:4:86:Infinity":27,"s:85:6:85:Infinity":28,"b:87:4:89:Infinity:undefined:undefined:undefined:undefined":11,"s:87:4:89:Infinity":29,"s:88:6:88:Infinity":30,"b:90:4:92:Infinity:undefined:undefined:undefined:undefined":12,"s:90:4:92:Infinity":31,"s:91:6:91:Infinity":32,"b:93:4:95:Infinity:undefined:undefined:undefined:undefined":13,"s:93:4:95:Infinity":33,"s:94:6:94:Infinity":34,"b:96:4:98:Infinity:undefined:undefined:undefined:undefined":14,"s:96:4:98:Infinity":35,"s:97:6:97:Infinity":36,"s:101:2:101:Infinity":37,"f:104:16:104:Infinity":3,"s:108:18:108:Infinity":38,"s:109:2:109:Infinity":39,"s:111:16:111:Infinity":40,"s:112:2:112:Infinity":41,"s:114:2:120:Infinity":42,"f:123:16:123:35":4,"s:124:17:124:Infinity":43,"s:125:19:125:Infinity":44,"s:126:2:126:Infinity":45,"f:129:16:129:35":5,"s:130:17:130:Infinity":46,"s:131:19:131:Infinity":47,"b:132:2:134:Infinity:undefined:undefined:undefined:undefined":15,"s:132:2:134:Infinity":48,"s:133:4:133:Infinity":49,"s:135:2:135:Infinity":50,"f:138:16:138:29":6,"b:139:2:139:Infinity:undefined:undefined:undefined:undefined":16,"s:139:2:139:Infinity":51,"s:139:19:139:Infinity":52,"s:140:2:147:Infinity":53,"s:141:19:141:Infinity":54,"b:142:4:144:Infinity:undefined:undefined:undefined:undefined":17,"s:142:4:144:Infinity":55,"b:142:8:142:38:142:38:142:55":18,"s:143:6:143:Infinity":56,"s:148:2:148:Infinity":57},"fnNames":{}}}
,"D:\\Projects\\New project\\mini-plausible\\src\\utils\\user-agent.ts": {"path":"D:\\Projects\\New project\\mini-plausible\\src\\utils\\user-agent.ts","statementMap":{"0":{"start":{"line":4,"column":2},"end":{"line":4,"column":null}},"1":{"start":{"line":5,"column":21},"end":{"line":5,"column":null}},"2":{"start":{"line":7,"column":45},"end":{"line":15,"column":null}},"3":{"start":{"line":17,"column":48},"end":{"line":29,"column":null}},"4":{"start":{"line":32,"column":2},"end":{"line":40,"column":null}},"5":{"start":{"line":33,"column":4},"end":{"line":39,"column":null}},"6":{"start":{"line":42,"column":16},"end":{"line":42,"column":null}},"7":{"start":{"line":43,"column":23},"end":{"line":43,"column":null}},"8":{"start":{"line":45,"column":2},"end":{"line":52,"column":null}},"9":{"start":{"line":46,"column":18},"end":{"line":46,"column":null}},"10":{"start":{"line":47,"column":4},"end":{"line":51,"column":null}},"11":{"start":{"line":48,"column":6},"end":{"line":48,"column":null}},"12":{"start":{"line":49,"column":6},"end":{"line":49,"column":null}},"13":{"start":{"line":50,"column":6},"end":{"line":50,"column":null}},"14":{"start":{"line":54,"column":11},"end":{"line":54,"column":null}},"15":{"start":{"line":55,"column":18},"end":{"line":55,"column":null}},"16":{"start":{"line":57,"column":2},"end":{"line":68,"column":null}},"17":{"start":{"line":58,"column":18},"end":{"line":58,"column":null}},"18":{"start":{"line":59,"column":4},"end":{"line":67,"column":null}},"19":{"start":{"line":60,"column":6},"end":{"line":60,"column":null}},"20":{"start":{"line":61,"column":6},"end":{"line":65,"column":null}},"21":{"start":{"line":62,"column":8},"end":{"line":62,"column":null}},"22":{"start":{"line":64,"column":8},"end":{"line":64,"column":null}},"23":{"start":{"line":66,"column":6},"end":{"line":66,"column":null}},"24":{"start":{"line":70,"column":50},"end":{"line":70,"column":null}},"25":{"start":{"line":71,"column":2},"end":{"line":75,"column":null}},"26":{"start":{"line":72,"column":4},"end":{"line":72,"column":null}},"27":{"start":{"line":73,"column":9},"end":{"line":75,"column":null}},"28":{"start":{"line":74,"column":4},"end":{"line":74,"column":null}},"29":{"start":{"line":77,"column":2},"end":{"line":77,"column":null}}},"fnMap":{"0":{"name":"parseUserAgent","decl":{"start":{"line":31,"column":16},"end":{"line":31,"column":31}},"loc":{"start":{"line":31,"column":72},"end":{"line":78,"column":null}},"line":31}},"branchMap":{"0":{"loc":{"start":{"line":32,"column":2},"end":{"line":40,"column":null}},"type":"if","locations":[{"start":{"line":32,"column":2},"end":{"line":40,"column":null}},{"start":{},"end":{}}],"line":32},"1":{"loc":{"start":{"line":47,"column":4},"end":{"line":51,"column":null}},"type":"if","locations":[{"start":{"line":47,"column":4},"end":{"line":51,"column":null}},{"start":{},"end":{}}],"line":47},"2":{"loc":{"start":{"line":49,"column":24},"end":{"line":49,"column":40}},"type":"binary-expr","locations":[{"start":{"line":49,"column":24},"end":{"line":49,"column":36}},{"start":{"line":49,"column":36},"end":{"line":49,"column":40}}],"line":49},"3":{"loc":{"start":{"line":59,"column":4},"end":{"line":67,"column":null}},"type":"if","locations":[{"start":{"line":59,"column":4},"end":{"line":67,"column":null}},{"start":{},"end":{}}],"line":59},"4":{"loc":{"start":{"line":61,"column":6},"end":{"line":65,"column":null}},"type":"if","locations":[{"start":{"line":61,"column":6},"end":{"line":65,"column":null}},{"start":{"line":63,"column":13},"end":{"line":65,"column":null}}],"line":61},"5":{"loc":{"start":{"line":71,"column":2},"end":{"line":75,"column":null}},"type":"if","locations":[{"start":{"line":71,"column":2},"end":{"line":75,"column":null}},{"start":{"line":73,"column":9},"end":{"line":75,"column":null}}],"line":71},"6":{"loc":{"start":{"line":73,"column":9},"end":{"line":75,"column":null}},"type":"if","locations":[{"start":{"line":73,"column":9},"end":{"line":75,"column":null}},{"start":{},"end":{}}],"line":73}},"s":{"0":1,"1":1,"2":1,"3":1,"4":13,"5":2,"6":11,"7":11,"8":11,"9":37,"10":37,"11":11,"12":11,"13":11,"14":11,"15":11,"16":11,"17":62,"18":62,"19":11,"20":11,"21":6,"22":5,"23":11,"24":11,"25":11,"26":2,"27":9,"28":2,"29":11},"f":{"0":13},"b":{"0":[2,11],"1":[11,26],"2":[11,0],"3":[11,51],"4":[6,5],"5":[2,9],"6":[2,7]},"meta":{"lastBranch":7,"lastFunction":1,"lastStatement":30,"seen":{"s:4:2:4:Infinity":0,"s:5:21:5:Infinity":1,"s:7:45:15:Infinity":2,"s:17:48:29:Infinity":3,"f:31:16:31:31":0,"b:32:2:40:Infinity:undefined:undefined:undefined:undefined":0,"s:32:2:40:Infinity":4,"s:33:4:39:Infinity":5,"s:42:16:42:Infinity":6,"s:43:23:43:Infinity":7,"s:45:2:52:Infinity":8,"s:46:18:46:Infinity":9,"b:47:4:51:Infinity:undefined:undefined:undefined:undefined":1,"s:47:4:51:Infinity":10,"s:48:6:48:Infinity":11,"s:49:6:49:Infinity":12,"b:49:24:49:36:49:36:49:40":2,"s:50:6:50:Infinity":13,"s:54:11:54:Infinity":14,"s:55:18:55:Infinity":15,"s:57:2:68:Infinity":16,"s:58:18:58:Infinity":17,"b:59:4:67:Infinity:undefined:undefined:undefined:undefined":3,"s:59:4:67:Infinity":18,"s:60:6:60:Infinity":19,"b:61:6:65:Infinity:63:13:65:Infinity":4,"s:61:6:65:Infinity":20,"s:62:8:62:Infinity":21,"s:64:8:64:Infinity":22,"s:66:6:66:Infinity":23,"s:70:50:70:Infinity":24,"b:71:2:75:Infinity:73:9:75:Infinity":5,"s:71:2:75:Infinity":25,"s:72:4:72:Infinity":26,"b:73:9:75:Infinity:undefined:undefined:undefined:undefined":6,"s:73:9:75:Infinity":27,"s:74:4:74:Infinity":28,"s:77:2:77:Infinity":29},"fnNames":{}}}
,"D:\\Projects\\New project\\mini-plausible\\src\\utils\\utm.ts": {"path":"D:\\Projects\\New project\\mini-plausible\\src\\utils\\utm.ts","statementMap":{"0":{"start":{"line":4,"column":17},"end":{"line":10,"column":null}},"1":{"start":{"line":16,"column":28},"end":{"line":16,"column":null}},"2":{"start":{"line":18,"column":2},"end":{"line":28,"column":null}},"3":{"start":{"line":19,"column":19},"end":{"line":19,"column":null}},"4":{"start":{"line":20,"column":4},"end":{"line":25,"column":null}},"5":{"start":{"line":21,"column":20},"end":{"line":21,"column":null}},"6":{"start":{"line":22,"column":6},"end":{"line":24,"column":null}},"7":{"start":{"line":23,"column":8},"end":{"line":23,"column":null}},"8":{"start":{"line":30,"column":2},"end":{"line":36,"column":null}},"9":{"start":{"line":31,"column":4},"end":{"line":35,"column":null}},"10":{"start":{"line":32,"column":6},"end":{"line":34,"column":null}},"11":{"start":{"line":33,"column":8},"end":{"line":33,"column":null}},"12":{"start":{"line":38,"column":2},"end":{"line":38,"column":null}}},"fnMap":{"0":{"name":"extractUTMParams","decl":{"start":{"line":12,"column":16},"end":{"line":12,"column":null}},"loc":{"start":{"line":15,"column":13},"end":{"line":39,"column":null}},"line":15}},"branchMap":{"0":{"loc":{"start":{"line":22,"column":6},"end":{"line":24,"column":null}},"type":"if","locations":[{"start":{"line":22,"column":6},"end":{"line":24,"column":null}},{"start":{},"end":{}}],"line":22},"1":{"loc":{"start":{"line":30,"column":2},"end":{"line":36,"column":null}},"type":"if","locations":[{"start":{"line":30,"column":2},"end":{"line":36,"column":null}},{"start":{},"end":{}}],"line":30},"2":{"loc":{"start":{"line":32,"column":6},"end":{"line":34,"column":null}},"type":"if","locations":[{"start":{"line":32,"column":6},"end":{"line":34,"column":null}},{"start":{},"end":{}}],"line":32},"3":{"loc":{"start":{"line":32,"column":10},"end":{"line":32,"column":37}},"type":"binary-expr","locations":[{"start":{"line":32,"column":10},"end":{"line":32,"column":26}},{"start":{"line":32,"column":26},"end":{"line":32,"column":37}}],"line":32}},"s":{"0":1,"1":14,"2":14,"3":14,"4":14,"5":60,"6":60,"7":13,"8":14,"9":2,"10":10,"11":2,"12":14},"f":{"0":14},"b":{"0":[13,47],"1":[2,12],"2":[2,8],"3":[10,9]},"meta":{"lastBranch":4,"lastFunction":1,"lastStatement":13,"seen":{"s:4:17:10:Infinity":0,"f:12:16:12:Infinity":0,"s:16:28:16:Infinity":1,"s:18:2:28:Infinity":2,"s:19:19:19:Infinity":3,"s:20:4:25:Infinity":4,"s:21:20:21:Infinity":5,"b:22:6:24:Infinity:undefined:undefined:undefined:undefined":0,"s:22:6:24:Infinity":6,"s:23:8:23:Infinity":7,"b:30:2:36:Infinity:undefined:undefined:undefined:undefined":1,"s:30:2:36:Infinity":8,"s:31:4:35:Infinity":9,"b:32:6:34:Infinity:undefined:undefined:undefined:undefined":2,"s:32:6:34:Infinity":10,"b:32:10:32:26:32:26:32:37":3,"s:33:8:33:Infinity":11,"s:38:2:38:Infinity":12},"fnNames":{}}}
}
